11:43:46: Creating resource group General
11:43:46: Creating resource group OgreInternal
11:43:46: Creating resource group OgreAutodetect
11:43:46: SceneManagerFactory for type 'DefaultSceneManager' registered.
11:43:46: Registering ResourceManager for type Material
11:43:46: Registering ResourceManager for type Mesh
11:43:46: Registering ResourceManager for type Skeleton
11:43:46: MovableObjectFactory for type 'ParticleSystem' registered.
11:43:46: ArchiveFactory for type 'FileSystem' registered
11:43:46: ArchiveFactory for type 'Zip' registered
11:43:46: ArchiveFactory for type 'EmbeddedZip' registered
11:43:46: DDS codec registering
11:43:46: ETC codec registering
11:43:46: ASTC codec registering
11:43:46: Registering ResourceManager for type GpuProgram
11:43:46: Registering ResourceManager for type Compositor
11:43:46: MovableObjectFactory for type 'Entity' registered.
11:43:46: MovableObjectFactory for type 'Light' registered.
11:43:46: MovableObjectFactory for type 'BillboardSet' registered.
11:43:46: MovableObjectFactory for type 'ManualObject' registered.
11:43:46: MovableObjectFactory for type 'BillboardChain' registered.
11:43:46: MovableObjectFactory for type 'RibbonTrail' registered.
11:43:46: MovableObjectFactory for type 'StaticGeometry' registered.
11:43:46: MovableObjectFactory for type 'Rectangle2D' registered.
11:43:46: Loading library ./OGRE/plugins/RenderSystem_Direct3D11_d.dll
11:43:46: Installing plugin: D3D11 RenderSystem
11:43:46: D3D11: Direct3D11 Rendering Subsystem created.
11:43:46: D3D11: Driver Detection Starts
11:43:46: D3D11: "Intel(R) UHD Graphics 630"
11:43:46: D3D11: "NVIDIA GeForce GTX 1050"
11:43:46: D3D11: "Microsoft Basic Render Driver (software)"
11:43:46: D3D11: Driver Detection Ends
11:43:46: Plugin successfully installed
11:43:46: Loading library ./OGRE/plugins/RenderSystem_GL_d.dll
11:43:46: Installing plugin: GL RenderSystem
11:43:46: OpenGL Rendering Subsystem created.
11:43:46: Plugin successfully installed
11:43:46: Loading library ./OGRE/plugins/RenderSystem_GL3Plus_d.dll
11:43:46: Installing plugin: GL 3+ RenderSystem
11:43:46: OpenGL 3+ Rendering Subsystem created.
11:43:46: Plugin successfully installed
11:43:46: Loading library ./OGRE/plugins/RenderSystem_GLES2_d.dll
11:43:46: Installing plugin: OpenGL ES 2.0 RenderSystem
11:43:46: OpenGL ES 2.x Rendering Subsystem created.
11:43:46: Plugin successfully installed
11:43:46: Loading library ./OGRE/plugins/Plugin_ParticleFX_d.dll
11:43:46: Installing plugin: ParticleFX
11:43:46: Particle Emitter Type 'Point' registered
11:43:46: Particle Emitter Type 'Box' registered
11:43:46: Particle Emitter Type 'Ellipsoid' registered
11:43:46: Particle Emitter Type 'Cylinder' registered
11:43:46: Particle Emitter Type 'Ring' registered
11:43:46: Particle Emitter Type 'HollowEllipsoid' registered
11:43:46: Particle Affector Type 'LinearForce' registered
11:43:46: Particle Affector Type 'ColourFader' registered
11:43:46: Particle Affector Type 'ColourFader2' registered
11:43:46: Particle Affector Type 'ColourImage' registered
11:43:46: Particle Affector Type 'ColourInterpolator' registered
11:43:46: Particle Affector Type 'Scaler' registered
11:43:46: Particle Affector Type 'Rotator' registered
11:43:46: Particle Affector Type 'DirectionRandomiser' registered
11:43:46: Particle Affector Type 'DeflectorPlane' registered
11:43:46: Particle Affector Type 'TextureAnimator' registered
11:43:46: Plugin successfully installed
11:43:46: Loading library ./OGRE/plugins/Plugin_BSPSceneManager_d.dll
11:43:46: Installing plugin: BSP Scene Manager
11:43:46: Plugin successfully installed
11:43:46: Loading library ./OGRE/plugins/Codec_STBI_d.dll
11:43:46: stb_image - v2.27 - public domain image loader
11:43:46: Supported formats: jpeg,jpg,png,bmp,psd,tga,gif,pic,ppm,pgm,hdr
11:43:47: Loading library ./OGRE/plugins/Plugin_PCZSceneManager_d.dll
11:43:47: Installing plugin: Portal Connected Zone Scene Manager
11:43:47: PCZone Factory Type 'ZoneType_Default' registered
11:43:47: Plugin successfully installed
11:43:47: Loading library ./OGRE/plugins/Plugin_OctreeZone_d.dll
11:43:47: Installing plugin: Octree Zone Factory
11:43:47: Plugin successfully installed
11:43:47: Loading library ./OGRE/plugins/Plugin_OctreeSceneManager_d.dll
11:43:47: Installing plugin: Octree Scene Manager
11:43:47: Plugin successfully installed
11:43:47: *-*-* OGRE Initialising
11:43:47: *-*-* Version 13.3.1 (Tsathoggua)
11:43:47: D3D11: RenderSystem Option: Allow NVPerfHUD = No
11:43:47: D3D11: RenderSystem Option: Debug Layer = Off
11:43:47: D3D11: RenderSystem Option: Driver type = Hardware
11:43:47: D3D11: RenderSystem Option: FSAA = 1
11:43:47: D3D11: RenderSystem Option: Full Screen = No
11:43:47: D3D11: RenderSystem Option: Information Queue Exceptions Bottom Level = No information queue exceptions
11:43:47: D3D11: RenderSystem Option: Max Requested Feature Levels = 11.0
11:43:47: D3D11: RenderSystem Option: Min Requested Feature Levels = 9.1
11:43:47: D3D11: RenderSystem Option: Rendering Device = (default)
11:43:47: D3D11: RenderSystem Option: Reversed Z-Buffer = No
11:43:47: D3D11: RenderSystem Option: VSync = Yes
11:43:47: D3D11: RenderSystem Option: VSync Interval = 1
11:43:47: D3D11: RenderSystem Option: Video Mode = 1280 x 720 @ 32-bit colour
11:43:47: D3D11: RenderSystem Option: sRGB Gamma Conversion = No
11:43:47: OverlayElementFactory for type Panel registered.
11:43:47: OverlayElementFactory for type BorderPanel registered.
11:43:47: OverlayElementFactory for type TextArea registered.
11:43:47: Registering ResourceManager for type Font
11:43:47: D3D11: RenderSystem Option: Allow NVPerfHUD = No
11:43:47: D3D11: RenderSystem Option: Debug Layer = Off
11:43:47: D3D11: RenderSystem Option: Driver type = Hardware
11:43:47: D3D11: RenderSystem Option: FSAA = 1
11:43:47: D3D11: RenderSystem Option: Full Screen = No
11:43:47: D3D11: RenderSystem Option: Information Queue Exceptions Bottom Level = No information queue exceptions
11:43:47: D3D11: RenderSystem Option: Max Requested Feature Levels = 11.0
11:43:47: D3D11: RenderSystem Option: Min Requested Feature Levels = 9.1
11:43:47: D3D11: RenderSystem Option: Rendering Device = (default)
11:43:47: D3D11: RenderSystem Option: Reversed Z-Buffer = No
11:43:47: D3D11: RenderSystem Option: VSync = Yes
11:43:47: D3D11: RenderSystem Option: VSync Interval = 1
11:43:47: D3D11: RenderSystem Option: Video Mode = 1280 x 720 @ 32-bit colour
11:43:47: D3D11: RenderSystem Option: sRGB Gamma Conversion = No
11:43:47: CPU Identifier & Features
11:43:47: -------------------------
11:43:47:  *   CPU ID: GenuineIntel: Intel(R) Core(TM) i7-8750H CPU @ 2.20GHz
11:43:47:  *          SSE: yes
11:43:47:  *         SSE2: yes
11:43:47:  *         SSE3: yes
11:43:47:  *        SSE41: yes
11:43:47:  *        SSE42: yes
11:43:47:  *          MMX: yes
11:43:47:  *       MMXEXT: yes
11:43:47:  *        3DNOW: no
11:43:47:  *     3DNOWEXT: no
11:43:47:  *         CMOV: yes
11:43:47:  *          TSC: yes
11:43:47:  *INVARIANT TSC: yes
11:43:47:  *          FPU: yes
11:43:47:  *          PRO: yes
11:43:47:  *           HT: no
11:43:47: -------------------------
11:43:47: D3D11: Subsystem Initialising
11:43:47: D3D11: Driver Detection Starts
11:43:47: D3D11: "Intel(R) UHD Graphics 630"
11:43:47: D3D11: "NVIDIA GeForce GTX 1050"
11:43:47: D3D11: "Microsoft Basic Render Driver (software)"
11:43:47: D3D11: Driver Detection Ends
11:43:47: D3D11: Requested "(default)", selected "Intel(R) UHD Graphics 630"
11:43:47: D3D11: Device Feature Level 11.0
11:43:47: ***************************************
11:43:47: *** D3D11: Subsystem Initialized OK ***
11:43:47: ***************************************
11:43:47: RenderSystem::_createRenderWindow "Love", 1280x720 windowed  miscParams: FSAA=1 externalWindowHandle=5770790 gamma=No vsync=Yes 
11:43:47: D3D11: Created D3D11 Rendering Window 'Love' : 1280x720
11:43:47: Registering ResourceManager for type Texture
11:43:47: RenderSystem capabilities
11:43:47: -------------------------
11:43:47: RenderSystem Name: Direct3D11 Rendering Subsystem
11:43:47: GPU Vendor: intel
11:43:47: Device Name: Intel(R) UHD Graphics 630
11:43:47: Driver Version: 27.20.100.8477
11:43:47:  * Fixed function pipeline: no
11:43:47:  * 32-bit index buffers: yes
11:43:47:  * Hardware stencil buffer: yes
11:43:47:    - Two sided stencil support: yes
11:43:47:    - Wrap stencil values: yes
11:43:47:  * Vertex programs: yes
11:43:47:    - Number of constant 4-vectors: 4096
11:43:47:  * Fragment programs: yes
11:43:47:    - Number of constant 4-vectors: 4096
11:43:47:  * Geometry programs: yes
11:43:47:    - Number of constant 4-vectors: 4096
11:43:47:  * Tessellation Hull programs: yes
11:43:47:    - Number of constant 4-vectors: 4096
11:43:47:  * Tessellation Domain programs: yes
11:43:47:    - Number of constant 4-vectors: 4096
11:43:47:  * Compute programs: yes
11:43:47:    - Number of constant 4-vectors: 4096
11:43:47:  * Supported Shader Profiles: cs_4_0 cs_4_1 cs_5_0 ds_5_0 gs_4_0 gs_4_1 gs_5_0 hlsl hs_5_0 ps_2_0 ps_2_a ps_2_b ps_3_0 ps_4_0 ps_4_0_level_9_1 ps_4_0_level_9_3 ps_4_1 ps_5_0 vs_2_0 vs_2_a vs_3_0 vs_4_0 vs_4_0_level_9_1 vs_4_0_level_9_3 vs_4_1 vs_5_0
11:43:47:  * Read-back compiled shader: yes
11:43:47:  * Number of vertex attributes: 32
11:43:47:  * Textures
11:43:47:    - Number of texture units: 16
11:43:47:    - Floating point: yes
11:43:47:    - Non-power-of-two: yes
11:43:47:    - 1D textures: yes
11:43:47:    - 2D array textures: yes
11:43:47:    - 3D textures: yes
11:43:47:    - Anisotropic filtering: yes
11:43:47:  * Texture Compression: yes
11:43:47:    - DXT: yes
11:43:47:    - VTC: no
11:43:47:    - PVRTC: no
11:43:47:    - ATC: no
11:43:47:    - ETC1: no
11:43:47:    - ETC2: no
11:43:47:    - BC4/BC5: no
11:43:47:    - BC6H/BC7: yes
11:43:47:    - ASTC: no
11:43:47:    - Automatic mipmap generation: no
11:43:47:  * Vertex Buffers
11:43:47:    - Render to Vertex Buffer: yes
11:43:47:    - Instance Data: yes
11:43:47:    - Primitive Restart: yes
11:43:47:  * Vertex texture fetch: yes
11:43:47:    - Max vertex textures: 4
11:43:47:    - Vertex textures shared: no
11:43:47:  * Read/Write Buffers: no
11:43:47:  * Hardware Occlusion Query: yes
11:43:47:  * User clip planes: yes
11:43:47:  * Depth clamping: yes
11:43:47:  * Hardware render-to-texture: yes
11:43:47:    - Multiple Render Targets: 8
11:43:47:    - With different bit depths: yes
11:43:47:  * Point Sprites: no
11:43:47:  * Wide Lines: no
11:43:47:  * Hardware Gamma: no
11:43:47: DefaultWorkQueue('Root') initialising on thread 35084.
11:43:47: DefaultWorkQueue('Root')::WorkerFunc - thread 49676 starting.
11:43:47: DefaultWorkQueue('Root')::WorkerFunc - thread 17936 starting.
11:43:47: Particle Renderer Type 'billboard' registered
11:43:47: SceneManagerFactory for type 'BspSceneManager' registered.
11:43:47: SceneManagerFactory for type 'PCZSceneManager' registered.
11:43:47: MovableObjectFactory for type 'PCZLight' registered.
11:43:47: MovableObjectFactory for type 'Portal' registered.
11:43:47: MovableObjectFactory for type 'AntiPortal' registered.
11:43:47: PCZone Factory Type 'ZoneType_Octree' registered
11:43:47: SceneManagerFactory for type 'OctreeSceneManager' registered.
11:43:47: Added resource location './OGRE/media/materials' of type 'FileSystem' to resource group 'General'
11:43:47: Added resource location './OGRE/media/materials/scripts' of type 'FileSystem' to resource group 'General'
11:43:47: Added resource location './OGRE/media/materials/textures' of type 'FileSystem' to resource group 'General'
11:43:47: Added resource location './OGRE/media/models' of type 'FileSystem' to resource group 'General'
11:43:47: Added resource location './OGRE/media/particle' of type 'FileSystem' to resource group 'General'
11:43:47: Added resource location './OGRE/media/fonts' of type 'FileSystem' to resource group 'General'
11:43:47: Added resource location './OGRE/media/packs/fresneldemo.zip' of type 'Zip' to resource group 'General'
11:43:47: Added resource location './OGRE/media/packs/ogredance.zip' of type 'Zip' to resource group 'General'
11:43:47: Added resource location './OGRE/media/packs/Sinbad.zip' of type 'Zip' to resource group 'General'
11:43:47: Added resource location './OGRE/media/packs/skybox.zip' of type 'Zip' to resource group 'General'
11:43:47: Added resource location './OGRE/media/Main' of type 'FileSystem' to resource group 'General'
11:43:47: Added resource location './OGRE/media/RTShaderLib/GLSL' of type 'FileSystem' to resource group 'General'
11:43:47: Added resource location './OGRE/media/RTShaderLib/cache' of type 'FileSystem' to resource group 'General'
11:43:47: Parsing scripts for resource group General
11:43:47: Parsing script ShadowVolumeExtude.program
11:43:47: Parsing script bolaroja.material
11:43:47: Parsing script fire.material
11:43:47: Parsing script gotas.material
11:43:47: Parsing script mainMenu.material
11:43:47: Parsing script Material.material
11:43:47: Parsing script Ogre.material
11:43:47: Parsing script slider.material
11:43:47: Parsing script smoke.material
11:43:47: Parsing script splashscreen.material
11:43:47: Parsing script ui.material
11:43:47: Parsing script RomanBath.material
11:43:47: Warning: ScriptCompiler - deprecated symbol in (56): texture_alias. Use 'texture $variable'
11:43:47: Warning: ScriptCompiler - deprecated symbol in (217): texture_alias. Use 'texture $variable'
11:43:47: Parsing script Sinbad.material
11:43:47: Parsing script Shadow.material
11:43:47: Parsing script bomb.particle
11:43:47: Parsing script lluvia.particle
11:43:47: Parsing script torch.particle
11:43:47: Parsing script arial.fontdef
11:43:47: Error: ScriptCompiler - unexpected token in arial.fontdef(1): 'arial'. If this is a legacy script you must prepend the type (e.g. font, overlay).
11:43:47: Finished parsing scripts for resource group General
11:43:47: Creating resources for group General
11:43:47: All done
11:43:47: Parsing scripts for resource group OgreAutodetect
11:43:47: Finished parsing scripts for resource group OgreAutodetect
11:43:47: Creating resources for group OgreAutodetect
11:43:47: All done
11:43:47: Parsing scripts for resource group OgreInternal
11:43:47: Finished parsing scripts for resource group OgreInternal
11:43:47: Creating resources for group OgreInternal
11:43:47: All done
11:43:47: Mesh: Loading sphere.mesh.
11:43:47: Warning: Can't assign material '' to SubMesh of 'sphere.mesh' because this Material does not exist in group 'General'. Have you forgotten to define it in a .material script?
11:43:47: Texture 'unity.png': Loading 1 faces(PF_B8G8R8,1125x633x1) with 5 generated mipmaps from Image. Internal format is PF_A8B8G8R8,1125x633x1.
11:43:47: Warnings while compiling D3D11 high-level shader ce11f53389c827cd6ca0b289ce7c1be6_VS:
(30,14-24): warning X3578: Output value 'oTexcoord_0' is not completely initialized

11:43:49: Texture 'MainMenu.png': Loading 1 faces(PF_B8G8R8,1280x720x1) with 5 generated mipmaps from Image. Internal format is PF_A8B8G8R8,1280x720x1.
11:43:49: Texture 'Heal_bg.png': Loading 1 faces(PF_A8B8G8R8,25x50x1) with 5 generated mipmaps from Image. Internal format is PF_A8B8G8R8,25x50x1.
11:44:04: Unregistering ResourceManager for type Font
11:44:04: DefaultWorkQueue('Root') shutting down on thread 35084.
11:44:04: DefaultWorkQueue('Root')::WorkerFunc - thread 49676 stopped.
11:44:04: DefaultWorkQueue('Root')::WorkerFunc - thread 17936 stopped.
11:44:04: PCZone Factory Type 'ZoneType_Octree' unregistered
11:44:04: *-*-* OGRE Shutdown
11:44:04: Unregistering ResourceManager for type Compositor
11:44:04: Unregistering ResourceManager for type GpuProgram
11:44:04: Uninstalling plugin: Octree Scene Manager
11:44:04: Plugin successfully uninstalled
11:44:04: Unloading library ./OGRE/plugins/Plugin_OctreeSceneManager
11:44:04: Uninstalling plugin: Octree Zone Factory
11:44:04: Plugin successfully uninstalled
11:44:04: Unloading library ./OGRE/plugins/Plugin_OctreeZone
11:44:04: Uninstalling plugin: Portal Connected Zone Scene Manager
11:44:04: Plugin successfully uninstalled
11:44:04: Unloading library ./OGRE/plugins/Plugin_PCZSceneManager
11:44:04: Unloading library ./OGRE/plugins/Codec_STBI
11:44:04: Uninstalling plugin: BSP Scene Manager
11:44:04: Plugin successfully uninstalled
11:44:04: Unloading library ./OGRE/plugins/Plugin_BSPSceneManager
11:44:04: Uninstalling plugin: ParticleFX
11:44:04: Plugin successfully uninstalled
11:44:04: Unloading library ./OGRE/plugins/Plugin_ParticleFX
11:44:04: Uninstalling plugin: OpenGL ES 2.0 RenderSystem
11:44:04: *** Stopping Win32GL Subsystem ***
11:44:04: Plugin successfully uninstalled
11:44:04: Unloading library ./OGRE/plugins/RenderSystem_GLES2
11:44:04: Uninstalling plugin: GL 3+ RenderSystem
11:44:04: *** Stopping Win32GL Subsystem ***
11:44:04: Plugin successfully uninstalled
11:44:04: Unloading library ./OGRE/plugins/RenderSystem_GL3Plus
11:44:04: Uninstalling plugin: GL RenderSystem
11:44:04: *** Stopping Win32GL Subsystem ***
11:44:04: Plugin successfully uninstalled
11:44:04: Unloading library ./OGRE/plugins/RenderSystem_GL
11:44:04: Uninstalling plugin: D3D11 RenderSystem
11:44:04: D3D11: Shutting down cleanly.
11:44:04: Unregistering ResourceManager for type Texture
11:44:04: D3D11: Direct3D11 Rendering Subsystem destroyed.
11:44:04: Plugin successfully uninstalled
11:44:04: Unloading library ./OGRE/plugins/RenderSystem_Direct3D11
11:44:04: Unregistering ResourceManager for type Skeleton
11:44:04: Unregistering ResourceManager for type Mesh
11:44:04: Unregistering ResourceManager for type Material
